<?xml version="1.0" encoding="UTF-8"?>
<!-- Generated by org.testng.reporters.JUnitXMLReporter -->
<testsuite ignored="0" hostname="DESKTOP-D28V65C" failures="0" tests="6" name="Surefire test" time="0.881" errors="0" timestamp="2023-09-25T17:56:53 GMT+01:00">
  <testcase classname="tn.esprit.rh.achat.ProduitServiceMockTest" name="testretrieveAllProduits on testretrieveAllProduits(tn.esprit.rh.achat.ProduitServiceMockTest)" time="0.749"/>
  <testcase classname="tn.esprit.rh.achat.ProduitServiceMockTest" name="testRetrieveProduit on testRetrieveProduit(tn.esprit.rh.achat.ProduitServiceMockTest)" time="0.752"/>
  <testcase classname="tn.esprit.rh.achat.ProduitServiceMockTest" name="testaddProduit on testaddProduit(tn.esprit.rh.achat.ProduitServiceMockTest)" time="0.763"/>
  <testcase classname="tn.esprit.rh.achat.ProduitServiceMockTest" name="testupdateProduit on testupdateProduit(tn.esprit.rh.achat.ProduitServiceMockTest)" time="0.765"/>
  <testcase classname="tn.esprit.rh.achat.ProduitServiceMockTest" name="testdeleteProduit on testdeleteProduit(tn.esprit.rh.achat.ProduitServiceMockTest)" time="0.767"/>
  <testcase classname="tn.esprit.rh.achat.ProduitServiceMockTest" name="testassignProduitToStock on testassignProduitToStock(tn.esprit.rh.achat.ProduitServiceMockTest)" time="0.769"/>
</testsuite> <!-- Surefire test -->
